[2023-04-26 18:17:50.867] [info] Using configuration file /home/saik/.config/waybar/config
[2023-04-26 18:17:50.867] [info] Using CSS file /home/saik/.config/waybar/style.css
[2023-04-26 18:17:50.879] [warning] As using a timezone, some format args may be missing as the date library haven't got a release since 2018.
dbus-monitor: unable to enable new-style monitoring: org.freedesktop.DBus.Error.AccessDenied: "Rejected send message, 1 matched rules; type="method_call", sender=":1.67" (uid=1000 pid=17462 comm="dbus-monitor --system type='signal',interface='org") interface="org.freedesktop.DBus.Monitoring" member="BecomeMonitor" error name="(unset)" requested_reply="0" destination="org.freedesktop.DBus" (bus)". Falling back to eavesdropping.

(waybar:17402): GLib-GObject-CRITICAL **: 18:17:50.921: ../glib/gobject/gsignal.c:2088: type 'GtkWindow' is already overridden for signal id '73'

(waybar:17402): GLib-GObject-CRITICAL **: 18:17:50.921: ../glib/gobject/gsignal.c:2088: type 'GtkWindow' is already overridden for signal id '72'
[2023-04-26 18:17:50.931] [warning] As using a timezone, some format args may be missing as the date library haven't got a release since 2018.
dbus-monitor: unable to enable new-style monitoring: org.freedesktop.DBus.Error.AccessDenied: "Rejected send message, 1 matched rules; type="method_call", sender=":1.70" (uid=1000 pid=17510 comm="dbus-monitor --system type='signal',interface='org") interface="org.freedesktop.DBus.Monitoring" member="BecomeMonitor" error name="(unset)" requested_reply="0" destination="org.freedesktop.DBus" (bus)". Falling back to eavesdropping.
[2023-04-26 18:17:51.142] [info] Bar configured (width: 2560, height: 40) for output: DP-7
[2023-04-26 18:17:51.142] [info] Bar configured (width: 2560, height: 40) for output: eDP-1
/home/saik/.config/waybar/scripts/supergfx/gpu_status_listener.sh: 13: echo: echo: I/O error
/home/saik/.config/waybar/scripts/supergfx/gpu_status_listener.sh: 11: echo: echo: I/O error
/home/saik/.config/waybar/scripts/supergfx/gpu_status_listener.sh: 12: echo: echo: I/O error
/home/saik/.config/waybar/scripts/supergfx/gpu_status_listener.sh: 13: echo: echo: I/O error
/home/saik/.config/waybar/scripts/supergfx/gpu_status_listener.sh: 11: echo: echo: I/O error
/home/saik/.config/waybar/scripts/supergfx/gpu_status_listener.sh: 12: echo: echo: I/O error
/home/saik/.config/waybar/scripts/supergfx/gpu_status_listener.sh: 13: echo: echo: I/O error
/home/saik/.config/waybar/scripts/supergfx/gpu_status_listener.sh: 11: echo: echo: I/O error
/home/saik/.config/waybar/scripts/supergfx/gpu_status_listener.sh: 12: echo: echo: I/O error
/home/saik/.config/waybar/scripts/supergfx/gpu_status_listener.sh: 13: echo: echo: I/O error
/home/saik/.config/waybar/scripts/supergfx/gpu_status_listener.sh: 11: echo: echo: I/O error
/home/saik/.config/waybar/scripts/supergfx/gpu_status_listener.sh: 12: echo: echo: I/O error
/home/saik/.config/waybar/scripts/supergfx/gpu_status_listener.sh: 13: echo: echo: I/O error
/home/saik/.config/waybar/scripts/supergfx/gpu_status_listener.sh: 11: echo: echo: I/O error
/home/saik/.config/waybar/scripts/supergfx/gpu_status_listener.sh: 13: echo: echo: I/O error
/home/saik/.config/waybar/scripts/supergfx/gpu_status_listener.sh: 12: echo: echo: I/O error
